= Host-specific information ====================================================
$> hostname; uname -msr
u82z08s03.42kl.edu.my
Darwin 19.6.0 x86_64
$> date
Fri Feb 26 16:13:09 +08 2021
$> gcc --version
Configured with: --prefix=/Applications/Xcode.app/Contents/Developer/usr --with-gxx-include-dir=/Applications/Xcode.app/Contents/Developer/Platforms/MacOSX.platform/Developer/SDKs/MacOSX10.14.sdk/usr/include/c++/4.2.1
Apple LLVM version 10.0.1 (clang-1001.0.46.4)
Target: x86_64-apple-darwin19.6.0
Thread model: posix
InstalledDir: /Applications/Xcode.app/Contents/Developer/Toolchains/XcodeDefault.xctoolchain/usr/bin
$> clang --version
Apple LLVM version 10.0.1 (clang-1001.0.46.4)
Target: x86_64-apple-darwin19.6.0
Thread model: posix
InstalledDir: /Applications/Xcode.app/Contents/Developer/Toolchains/XcodeDefault.xctoolchain/usr/bin

= User files collection ========================================================
Collecting user files from Vogsphere
Repository URL: git@vogsphere.42kl.edu.my:exam-2021-02-26/jinlim_c-piscine-exam-00_exam_16h02m27s.git

= Git history ==================================================================
$> git -C /tmp/tmpjx__m_/user log --pretty='%H - %an, %ad : %s'
7b556cb32149732e3b238be57befcd3d472a7259 - Exam 42, Fri Feb 26 16:10:37 2021 +0800 : only_z.c First
 
= Collected files ==========================================
$> ls -lAR /tmp/tmpjx__m_/user
total 8
-rw-r--r--  1 root  wheel  214 Feb 26 16:13 __GIT_HISTORY
drwxr-xr-x  3 root  wheel   96 Feb 26 16:13 only_z

/tmp/tmpjx__m_/user/only_z:
total 8
-rw-r--r--  1 root  wheel  60 Feb 26 16:13 only_z.c
 
= only_z =======================================================================
$> gcc -Wextra -Wall -Werror only_z.c -o user_exe 

= Test 1 ===================================================
$> ./1eenppogvtco26a2y2l9f8g8 
$> diff -U 3 user_output_test1 test1.output | cat -e

Diff OK :D
Grade: 1

= Final grade: 1 ===============================================================
