= Host-specific information ====================================================
$> hostname; uname -msr
u82z08s01.42kl.edu.my
Darwin 19.6.0 x86_64
$> date
Fri Feb 26 18:43:09 +08 2021
$> gcc --version
Configured with: --prefix=/Applications/Xcode.app/Contents/Developer/usr --with-gxx-include-dir=/Applications/Xcode.app/Contents/Developer/Platforms/MacOSX.platform/Developer/SDKs/MacOSX10.14.sdk/usr/include/c++/4.2.1
Apple LLVM version 10.0.1 (clang-1001.0.46.4)
Target: x86_64-apple-darwin19.6.0
Thread model: posix
InstalledDir: /Applications/Xcode.app/Contents/Developer/Toolchains/XcodeDefault.xctoolchain/usr/bin
$> clang --version
Apple LLVM version 10.0.1 (clang-1001.0.46.4)
Target: x86_64-apple-darwin19.6.0
Thread model: posix
InstalledDir: /Applications/Xcode.app/Contents/Developer/Toolchains/XcodeDefault.xctoolchain/usr/bin

= User files collection ========================================================
Collecting user files from Vogsphere
Repository URL: git@vogsphere.42kl.edu.my:exam-2021-02-26/jinlim_c-piscine-exam-00_exam_16h02m27s.git

= Git history ==================================================================
$> git -C /tmp/tmpo67mzT/user log --pretty='%H - %an, %ad : %s'
f30683b4b91309967d87dbc3b12bce5d66623918 - Exam 42, Fri Feb 26 18:42:45 2021 +0800 : ft_atoi.c forth
a0dafb9a5c6cdb0f4b8e689cc758587fbd3cf777 - Exam 42, Fri Feb 26 18:18:50 2021 +0800 : ft_atoi.c third
f3de271cd34f587c5343a9c3ee5d445b98868230 - Exam 42, Fri Feb 26 18:06:52 2021 +0800 : ft_atoi.c second
1d8a8dcba9e1d7725f0988fa2b902656356f502f - Exam 42, Fri Feb 26 17:58:31 2021 +0800 : ft_atoi.c first
6128b544b829be0c72a9285c72cac12399e29825 - Exam 42, Fri Feb 26 17:54:11 2021 +0800 : ft_atoi working
93566c3c2b04ef834296b86cb3575a31ccfe5645 - Exam 42, Fri Feb 26 17:15:54 2021 +0800 : ft_strrev second
40b3817f6d6512ad1ae4183c7614a3378b7233d3 - Exam 42, Fri Feb 26 17:04:41 2021 +0800 : ft_strrev first
60259ce79ea9db77e9120a2182c2be0f48f8646f - Exam 42, Fri Feb 26 16:43:43 2021 +0800 : ft_swap first
0fcc692187a8a46bc0bff8bb615dcf826924770f - Exam 42, Fri Feb 26 16:37:28 2021 +0800 : maff_revalpha.c first
a420be224ad8db7a8e06fd00b506464375a46e21 - Exam 42, Fri Feb 26 16:26:24 2021 +0800 : ft_countdown second
10c8e46bba6b45077489fe02da15b569c3539e2b - Exam 42, Fri Feb 26 16:21:53 2021 +0800 : ft_countdown.c first
7b556cb32149732e3b238be57befcd3d472a7259 - Exam 42, Fri Feb 26 16:10:37 2021 +0800 : only_z.c First
 
= Collected files ==========================================
$> ls -lAR /tmp/tmpo67mzT/user
total 8
-rw-r--r--  1 root  wheel  2798 Feb 26 18:43 __GIT_HISTORY
drwxr-xr-x  3 root  wheel    96 Feb 26 18:43 ft_atoi
drwxr-xr-x  3 root  wheel    96 Feb 26 18:43 ft_countdown
drwxr-xr-x  3 root  wheel    96 Feb 26 18:43 ft_strrev
drwxr-xr-x  3 root  wheel    96 Feb 26 18:43 ft_swap
drwxr-xr-x  3 root  wheel    96 Feb 26 18:43 maff_revalpha
drwxr-xr-x  3 root  wheel    96 Feb 26 18:43 only_z

/tmp/tmpo67mzT/user/ft_atoi:
total 8
-rw-r--r--  1 root  wheel  396 Feb 26 18:43 ft_atoi.c

/tmp/tmpo67mzT/user/ft_countdown:
total 8
-rwxr-xr-x  1 root  wheel  131 Feb 26 18:43 ft_countdown.c

/tmp/tmpo67mzT/user/ft_strrev:
total 8
-rw-r--r--  1 root  wheel  252 Feb 26 18:43 ft_strrev.c

/tmp/tmpo67mzT/user/ft_swap:
total 8
-rw-r--r--  1 root  wheel  79 Feb 26 18:43 ft_swap.c

/tmp/tmpo67mzT/user/maff_revalpha:
total 8
-rw-r--r--  1 root  wheel  184 Feb 26 18:43 maff_revalpha.c

/tmp/tmpo67mzT/user/only_z:
total 8
-rw-r--r--  1 root  wheel  60 Feb 26 18:43 only_z.c
 
= ft_atoi ======================================================================
$> gcc -Wextra -Wall -Werror main.c ft_atoi.c -o user_exe 

= Test 1 ===================================================
$> ./xvhr0d2juybz44t9yirvqajo 
$> diff -U 3 user_output_test1 test1.output | cat -e

Diff OK :D
= Test 2 ===================================================
$> ./r2qxqsnlilnppl8pqogf3u9u "21" "2313"
$> diff -U 3 user_output_test2 test2.output | cat -e

Diff OK :D
= Test 3 ===================================================
$> ./tlyy8nxy2n9gzxb5chdianbf 2147483647
$> diff -U 3 user_output_test3 test3.output | cat -e

Diff OK :D
= Test 4 ===================================================
$> ./9uutv78ys7jvagm79r9s0b0p -2147483648
$> diff -U 3 user_output_test4 test4.output | cat -e

Diff OK :D
= Test 5 ===================================================
$> ./bjs155o5xxdzu4vjymr8tigs 0
$> diff -U 3 user_output_test5 test5.output | cat -e

Diff OK :D
= Test 6 ===================================================
$> ./mon8of8pn0q37ecp2y93u3l0 12211t11
$> diff -U 3 user_output_test6 test6.output | cat -e

Diff OK :D
= Test 7 ===================================================
$> ./8s94nlsb0vbkqg0cuw5wzlti --223
$> diff -U 3 user_output_test7 test7.output | cat -e
--- user_output_test7	2021-02-26 10:43:13.000000000 +0000$
+++ test7.output	2021-02-26 10:43:13.000000000 +0000$
@@ -1 +1 @@$
-223$
\ No newline at end of file$
+0$
\ No newline at end of file$

Diff KO :(
Grade: 0

= Final grade: 0 ===============================================================
