= Host-specific information ====================================================
$> hostname; uname -msr
u80z03s07.42kl.edu.my
Darwin 19.6.0 x86_64
$> date
Fri Feb 26 16:23:01 +08 2021
$> gcc --version
Configured with: --prefix=/Applications/Xcode.app/Contents/Developer/usr --with-gxx-include-dir=/Applications/Xcode.app/Contents/Developer/Platforms/MacOSX.platform/Developer/SDKs/MacOSX10.14.sdk/usr/include/c++/4.2.1
Apple LLVM version 10.0.1 (clang-1001.0.46.4)
Target: x86_64-apple-darwin19.6.0
Thread model: posix
InstalledDir: /Applications/Xcode.app/Contents/Developer/Toolchains/XcodeDefault.xctoolchain/usr/bin
$> clang --version
Apple LLVM version 10.0.1 (clang-1001.0.46.4)
Target: x86_64-apple-darwin19.6.0
Thread model: posix
InstalledDir: /Applications/Xcode.app/Contents/Developer/Toolchains/XcodeDefault.xctoolchain/usr/bin

= User files collection ========================================================
Collecting user files from Vogsphere
Repository URL: git@vogsphere.42kl.edu.my:exam-2021-02-26/jinlim_c-piscine-exam-00_exam_16h02m27s.git

= Git history ==================================================================
$> git -C /tmp/tmpZ_HvXQ/user log --pretty='%H - %an, %ad : %s'
10c8e46bba6b45077489fe02da15b569c3539e2b - Exam 42, Fri Feb 26 16:21:53 2021 +0800 : ft_countdown.c first
7b556cb32149732e3b238be57befcd3d472a7259 - Exam 42, Fri Feb 26 16:10:37 2021 +0800 : only_z.c First
 
= Collected files ==========================================
$> ls -lAR /tmp/tmpZ_HvXQ/user
total 8
-rw-r--r--  1 root  wheel  456 Feb 26 16:23 __GIT_HISTORY
drwxr-xr-x  3 root  wheel   96 Feb 26 16:23 ft_countdown
drwxr-xr-x  3 root  wheel   96 Feb 26 16:23 only_z

/tmp/tmpZ_HvXQ/user/ft_countdown:
total 8
-rwxr-xr-x  1 root  wheel  111 Feb 26 16:23 ft_countdown.c

/tmp/tmpZ_HvXQ/user/only_z:
total 8
-rw-r--r--  1 root  wheel  60 Feb 26 16:23 only_z.c
 
= ft_countdown =================================================================
$> gcc -Wextra -Wall -Werror ft_countdown.c -o user_exe 

= Test 1 ===================================================
$> ./nxdv9h2733tfxbsdv82bz5lb
$> diff -U 3 user_output_test1 test1.output | cat -e
--- user_output_test1	2021-02-26 08:23:08.000000000 +0000$
+++ test1.output	2021-02-26 08:23:08.000000000 +0000$
@@ -1 +1 @@$
-9876543210$
\ No newline at end of file$
+9876543210$

Diff KO :(
Grade: 0

= Final grade: 0 ===============================================================
