= Host-specific information ====================================================
$> hostname; uname -msr
u80z06s02.42kl.edu.my
Darwin 19.6.0 x86_64
$> date
Fri Feb 26 16:37:46 +08 2021
$> gcc --version
Configured with: --prefix=/Applications/Xcode.app/Contents/Developer/usr --with-gxx-include-dir=/Applications/Xcode.app/Contents/Developer/Platforms/MacOSX.platform/Developer/SDKs/MacOSX10.14.sdk/usr/include/c++/4.2.1
Apple LLVM version 10.0.1 (clang-1001.0.46.4)
Target: x86_64-apple-darwin19.6.0
Thread model: posix
InstalledDir: /Applications/Xcode.app/Contents/Developer/Toolchains/XcodeDefault.xctoolchain/usr/bin
$> clang --version
Apple LLVM version 10.0.1 (clang-1001.0.46.4)
Target: x86_64-apple-darwin19.6.0
Thread model: posix
InstalledDir: /Applications/Xcode.app/Contents/Developer/Toolchains/XcodeDefault.xctoolchain/usr/bin

= User files collection ========================================================
Collecting user files from Vogsphere
Repository URL: git@vogsphere.42kl.edu.my:exam-2021-02-26/jinlim_c-piscine-exam-00_exam_16h02m27s.git

= Git history ==================================================================
$> git -C /tmp/tmpY68nXS/user log --pretty='%H - %an, %ad : %s'
0fcc692187a8a46bc0bff8bb615dcf826924770f - Exam 42, Fri Feb 26 16:37:28 2021 +0800 : maff_revalpha.c first
a420be224ad8db7a8e06fd00b506464375a46e21 - Exam 42, Fri Feb 26 16:26:24 2021 +0800 : ft_countdown second
10c8e46bba6b45077489fe02da15b569c3539e2b - Exam 42, Fri Feb 26 16:21:53 2021 +0800 : ft_countdown.c first
7b556cb32149732e3b238be57befcd3d472a7259 - Exam 42, Fri Feb 26 16:10:37 2021 +0800 : only_z.c First
 
= Collected files ==========================================
$> ls -lAR /tmp/tmpY68nXS/user
total 8
-rw-r--r--  1 root  wheel  933 Feb 26 16:37 __GIT_HISTORY
drwxr-xr-x  3 root  wheel   96 Feb 26 16:37 ft_countdown
drwxr-xr-x  3 root  wheel   96 Feb 26 16:37 maff_revalpha
drwxr-xr-x  3 root  wheel   96 Feb 26 16:37 only_z

/tmp/tmpY68nXS/user/ft_countdown:
total 8
-rwxr-xr-x  1 root  wheel  131 Feb 26 16:37 ft_countdown.c

/tmp/tmpY68nXS/user/maff_revalpha:
total 8
-rw-r--r--  1 root  wheel  184 Feb 26 16:37 maff_revalpha.c

/tmp/tmpY68nXS/user/only_z:
total 8
-rw-r--r--  1 root  wheel  60 Feb 26 16:37 only_z.c
 
= maff_revalpha ================================================================
$> gcc -Wextra -Wall -Werror maff_revalpha.c -o user_exe 

= Test 1 ===================================================
$> ./8cimrme17o4cbjj12z7swtck
$> diff -U 3 user_output_test1 test1.output | cat -e

Diff OK :D
Grade: 1

= Final grade: 1 ===============================================================
