= Host-specific information ====================================================
$> hostname; uname -msr
u91z04s01.42kl.edu.my
Darwin 19.6.0 x86_64
$> date
Fri Feb 26 16:44:02 +08 2021
$> gcc --version
Configured with: --prefix=/Applications/Xcode.app/Contents/Developer/usr --with-gxx-include-dir=/Applications/Xcode.app/Contents/Developer/Platforms/MacOSX.platform/Developer/SDKs/MacOSX10.14.sdk/usr/include/c++/4.2.1
Apple LLVM version 10.0.1 (clang-1001.0.46.4)
Target: x86_64-apple-darwin19.6.0
Thread model: posix
InstalledDir: /Applications/Xcode.app/Contents/Developer/Toolchains/XcodeDefault.xctoolchain/usr/bin
$> clang --version
Apple LLVM version 10.0.1 (clang-1001.0.46.4)
Target: x86_64-apple-darwin19.6.0
Thread model: posix
InstalledDir: /Applications/Xcode.app/Contents/Developer/Toolchains/XcodeDefault.xctoolchain/usr/bin

= User files collection ========================================================
Collecting user files from Vogsphere
Repository URL: git@vogsphere.42kl.edu.my:exam-2021-02-26/jinlim_c-piscine-exam-00_exam_16h02m27s.git

= Git history ==================================================================
$> git -C /tmp/tmpBhDuwC/user log --pretty='%H - %an, %ad : %s'
60259ce79ea9db77e9120a2182c2be0f48f8646f - Exam 42, Fri Feb 26 16:43:43 2021 +0800 : ft_swap first
0fcc692187a8a46bc0bff8bb615dcf826924770f - Exam 42, Fri Feb 26 16:37:28 2021 +0800 : maff_revalpha.c first
a420be224ad8db7a8e06fd00b506464375a46e21 - Exam 42, Fri Feb 26 16:26:24 2021 +0800 : ft_countdown second
10c8e46bba6b45077489fe02da15b569c3539e2b - Exam 42, Fri Feb 26 16:21:53 2021 +0800 : ft_countdown.c first
7b556cb32149732e3b238be57befcd3d472a7259 - Exam 42, Fri Feb 26 16:10:37 2021 +0800 : only_z.c First
 
= Collected files ==========================================
$> ls -lAR /tmp/tmpBhDuwC/user
total 8
-rw-r--r--  1 root  wheel  1151 Feb 26 16:44 __GIT_HISTORY
drwxr-xr-x  3 root  wheel    96 Feb 26 16:44 ft_countdown
drwxr-xr-x  3 root  wheel    96 Feb 26 16:44 ft_swap
drwxr-xr-x  3 root  wheel    96 Feb 26 16:44 maff_revalpha
drwxr-xr-x  3 root  wheel    96 Feb 26 16:44 only_z

/tmp/tmpBhDuwC/user/ft_countdown:
total 8
-rwxr-xr-x  1 root  wheel  131 Feb 26 16:44 ft_countdown.c

/tmp/tmpBhDuwC/user/ft_swap:
total 8
-rw-r--r--  1 root  wheel  79 Feb 26 16:44 ft_swap.c

/tmp/tmpBhDuwC/user/maff_revalpha:
total 8
-rw-r--r--  1 root  wheel  184 Feb 26 16:44 maff_revalpha.c

/tmp/tmpBhDuwC/user/only_z:
total 8
-rw-r--r--  1 root  wheel  60 Feb 26 16:44 only_z.c
 
= ft_swap ======================================================================
$> gcc -Wextra -Wall -Werror ft_swap.c main.c -o user_exe 

= Test 1 ===================================================
$> ./fvxob6cpzm3hti9t8q0u2i5h "-576745989" "-2100585663"
$> diff -U 3 user_output_test1 test1.output | cat -e

Diff OK :D
= Test 2 ===================================================
$> ./owkahq6nrbikvyniz1w5m6u2 "-898627509" "1730534881"
$> diff -U 3 user_output_test2 test2.output | cat -e

Diff OK :D
= Test 3 ===================================================
$> ./dayu4v8s3chbzbk2e75pbg8g "-1863550745" "-353207903"
$> diff -U 3 user_output_test3 test3.output | cat -e

Diff OK :D
= Test 4 ===================================================
$> ./tpoelrhljec2brw3wrbql51w "-1843388704" "-753826148"
$> diff -U 3 user_output_test4 test4.output | cat -e

Diff OK :D
= Test 5 ===================================================
$> ./03oko68ddchbvjok46wc0fxq "827044152" "-1662925668"
$> diff -U 3 user_output_test5 test5.output | cat -e

Diff OK :D
= Test 6 ===================================================
$> ./2foc4nt8n8t8bnm939yysxs0 "-1170227340" "552756708"
$> diff -U 3 user_output_test6 test6.output | cat -e

Diff OK :D
= Test 7 ===================================================
$> ./b2on4p32hvrbh2fdqe6g5rt5 "1777620159" "-1705045568"
$> diff -U 3 user_output_test7 test7.output | cat -e

Diff OK :D
= Test 8 ===================================================
$> ./9j7a1flg1po2vq6neh1xl5kf "-481523695" "-1827651963"
$> diff -U 3 user_output_test8 test8.output | cat -e

Diff OK :D
= Test 9 ===================================================
$> ./6bh1tee06e3x0c1ccrp9oudh "953383376" "1100374250"
$> diff -U 3 user_output_test9 test9.output | cat -e

Diff OK :D
Grade: 1

= Final grade: 1 ===============================================================
