= Host-specific information ====================================================
$> hostname; uname -msr
u91z03s04.42kl.edu.my
Darwin 19.6.0 x86_64
$> date
Fri Feb 26 17:16:14 +08 2021
$> gcc --version
Configured with: --prefix=/Applications/Xcode.app/Contents/Developer/usr --with-gxx-include-dir=/Applications/Xcode.app/Contents/Developer/Platforms/MacOSX.platform/Developer/SDKs/MacOSX10.14.sdk/usr/include/c++/4.2.1
Apple LLVM version 10.0.1 (clang-1001.0.46.4)
Target: x86_64-apple-darwin19.6.0
Thread model: posix
InstalledDir: /Applications/Xcode.app/Contents/Developer/Toolchains/XcodeDefault.xctoolchain/usr/bin
$> clang --version
Apple LLVM version 10.0.1 (clang-1001.0.46.4)
Target: x86_64-apple-darwin19.6.0
Thread model: posix
InstalledDir: /Applications/Xcode.app/Contents/Developer/Toolchains/XcodeDefault.xctoolchain/usr/bin

= User files collection ========================================================
Collecting user files from Vogsphere
Repository URL: git@vogsphere.42kl.edu.my:exam-2021-02-26/jinlim_c-piscine-exam-00_exam_16h02m27s.git

= Git history ==================================================================
$> git -C /tmp/tmpeqFwpE/user log --pretty='%H - %an, %ad : %s'
93566c3c2b04ef834296b86cb3575a31ccfe5645 - Exam 42, Fri Feb 26 17:15:54 2021 +0800 : ft_strrev second
40b3817f6d6512ad1ae4183c7614a3378b7233d3 - Exam 42, Fri Feb 26 17:04:41 2021 +0800 : ft_strrev first
60259ce79ea9db77e9120a2182c2be0f48f8646f - Exam 42, Fri Feb 26 16:43:43 2021 +0800 : ft_swap first
0fcc692187a8a46bc0bff8bb615dcf826924770f - Exam 42, Fri Feb 26 16:37:28 2021 +0800 : maff_revalpha.c first
a420be224ad8db7a8e06fd00b506464375a46e21 - Exam 42, Fri Feb 26 16:26:24 2021 +0800 : ft_countdown second
10c8e46bba6b45077489fe02da15b569c3539e2b - Exam 42, Fri Feb 26 16:21:53 2021 +0800 : ft_countdown.c first
7b556cb32149732e3b238be57befcd3d472a7259 - Exam 42, Fri Feb 26 16:10:37 2021 +0800 : only_z.c First
 
= Collected files ==========================================
$> ls -lAR /tmp/tmpeqFwpE/user
total 8
-rw-r--r--  1 root  wheel  1631 Feb 26 17:16 __GIT_HISTORY
drwxr-xr-x  3 root  wheel    96 Feb 26 17:16 ft_countdown
drwxr-xr-x  3 root  wheel    96 Feb 26 17:16 ft_strrev
drwxr-xr-x  3 root  wheel    96 Feb 26 17:16 ft_swap
drwxr-xr-x  3 root  wheel    96 Feb 26 17:16 maff_revalpha
drwxr-xr-x  3 root  wheel    96 Feb 26 17:16 only_z

/tmp/tmpeqFwpE/user/ft_countdown:
total 8
-rwxr-xr-x  1 root  wheel  131 Feb 26 17:16 ft_countdown.c

/tmp/tmpeqFwpE/user/ft_strrev:
total 8
-rw-r--r--  1 root  wheel  252 Feb 26 17:16 ft_strrev.c

/tmp/tmpeqFwpE/user/ft_swap:
total 8
-rw-r--r--  1 root  wheel  79 Feb 26 17:16 ft_swap.c

/tmp/tmpeqFwpE/user/maff_revalpha:
total 8
-rw-r--r--  1 root  wheel  184 Feb 26 17:16 maff_revalpha.c

/tmp/tmpeqFwpE/user/only_z:
total 8
-rw-r--r--  1 root  wheel  60 Feb 26 17:16 only_z.c
 
= ft_strrev ====================================================================
$> gcc -Wextra -Wall -Werror ft_strrev.c main.c -o user_exe 

= Test 1 ===================================================
$> ./tqetu9ern3vg03hbqcqndnvz ""
$> diff -U 3 user_output_test1 test1.output | cat -e

Diff OK :D
= Test 2 ===================================================
$> ./kjgvn3dfsqh8bj0r0ld28tdh "TkJ"
$> diff -U 3 user_output_test2 test2.output | cat -e

Diff OK :D
= Test 3 ===================================================
$> ./725jf2s65yj86vt4xkhgk9hf "MS2ILblHCP6"
$> diff -U 3 user_output_test3 test3.output | cat -e

Diff OK :D
= Test 4 ===================================================
$> ./levcyjx8s03fazobtro9sd9i "0fklJm96KqCuj"
$> diff -U 3 user_output_test4 test4.output | cat -e

Diff OK :D
= Test 5 ===================================================
$> ./5kk6hbpb3lpknz5i0shrnmtq "6gP"
$> diff -U 3 user_output_test5 test5.output | cat -e

Diff OK :D
= Test 6 ===================================================
$> ./xgnssw1ttetlqx4p8y641yl4 "QW7bdUyH4s Iw68a4WZcR MGQTPhR7uenv6dm89 kRfAwUsz3HM vaog0 L1kMaCZ 0EgUuQ 3wEY 7JETKWew46 VCe9x8nIYq04r Qx6lLpYw2quGAHhK 9AQxNhgUrTVFHB 375OngytXKQaemc CVOSl71XYjFGw6"
$> diff -U 3 user_output_test6 test6.output | cat -e

Diff OK :D
= Test 7 ===================================================
$> ./srosmojybgpga6w91l7yktw2 "S6MFBm47WIR8Y0 u4KL61FbW ENmnJ U0TewuqSQ3ArBf scRTh w0Lb CXwWFJ mdpwzH3faL fzbO7UBns CcWB6w u8lkcDq9hePs7VvZX CLUrxBeQmRtogbvsj jUNFmwi9DK XKwes Tmsoqwtr67XYye4"
$> diff -U 3 user_output_test7 test7.output | cat -e

Diff OK :D
= Test 8 ===================================================
$> ./gowoih8sy62cp48bx4lvma85 "0xsR 3HEMS7x46LA gwse 684gbY hbEX52U7zyBg nVASKbXr4WhJQyU IXb7c pDy 6JyZXF8Rg"
$> diff -U 3 user_output_test8 test8.output | cat -e

Diff OK :D
= Test 9 ===================================================
$> ./lbyza5nnuzoy11my8n83y2b5 "3Aoy5bQdsP1eSqn 8c3byH 0Hfhes cg6uENFzqYmM Punkwq6lfBpQ2AOsU z6USsbvEAIj2Ff N8Ki7yfXlq MzH2 eVJcmrTdtH9 hgBOXJRn8x4UyflMk"
$> diff -U 3 user_output_test9 test9.output | cat -e

Diff OK :D
Grade: 1

= Final grade: 1 ===============================================================
