= Host-specific information ====================================================
$> hostname; uname -msr
u80z01s01.42kl.edu.my
Darwin 19.6.0 x86_64
$> date
Fri Feb 26 19:20:09 +08 2021
$> gcc --version
Configured with: --prefix=/Applications/Xcode.app/Contents/Developer/usr --with-gxx-include-dir=/Applications/Xcode.app/Contents/Developer/Platforms/MacOSX.platform/Developer/SDKs/MacOSX10.14.sdk/usr/include/c++/4.2.1
Apple LLVM version 10.0.1 (clang-1001.0.46.4)
Target: x86_64-apple-darwin19.6.0
Thread model: posix
InstalledDir: /Applications/Xcode.app/Contents/Developer/Toolchains/XcodeDefault.xctoolchain/usr/bin
$> clang --version
Apple LLVM version 10.0.1 (clang-1001.0.46.4)
Target: x86_64-apple-darwin19.6.0
Thread model: posix
InstalledDir: /Applications/Xcode.app/Contents/Developer/Toolchains/XcodeDefault.xctoolchain/usr/bin

= User files collection ========================================================
Collecting user files from Vogsphere
Repository URL: git@vogsphere.42kl.edu.my:exam-2021-02-26/jinlim_c-piscine-exam-00_exam_16h02m27s.git

= Git history ==================================================================
$> git -C /tmp/tmp2TaPW2/user log --pretty='%H - %an, %ad : %s'
4f9aa26a687f778af4848e2b6d1015563deb0f3e - Exam 42, Fri Feb 26 19:19:43 2021 +0800 : ft_atoi.c
39231648c6c1dde273363fe4f7c796afb29d78e8 - Exam 42, Fri Feb 26 19:01:41 2021 +0800 : ft_atoi.c 6th
48fee696b06c31516d9a8dbe4afb2b3927da7755 - Exam 42, Fri Feb 26 18:58:48 2021 +0800 : ft_atoi.c fifth
f30683b4b91309967d87dbc3b12bce5d66623918 - Exam 42, Fri Feb 26 18:42:45 2021 +0800 : ft_atoi.c forth
a0dafb9a5c6cdb0f4b8e689cc758587fbd3cf777 - Exam 42, Fri Feb 26 18:18:50 2021 +0800 : ft_atoi.c third
f3de271cd34f587c5343a9c3ee5d445b98868230 - Exam 42, Fri Feb 26 18:06:52 2021 +0800 : ft_atoi.c second
1d8a8dcba9e1d7725f0988fa2b902656356f502f - Exam 42, Fri Feb 26 17:58:31 2021 +0800 : ft_atoi.c first
6128b544b829be0c72a9285c72cac12399e29825 - Exam 42, Fri Feb 26 17:54:11 2021 +0800 : ft_atoi working
93566c3c2b04ef834296b86cb3575a31ccfe5645 - Exam 42, Fri Feb 26 17:15:54 2021 +0800 : ft_strrev second
40b3817f6d6512ad1ae4183c7614a3378b7233d3 - Exam 42, Fri Feb 26 17:04:41 2021 +0800 : ft_strrev first
60259ce79ea9db77e9120a2182c2be0f48f8646f - Exam 42, Fri Feb 26 16:43:43 2021 +0800 : ft_swap first
0fcc692187a8a46bc0bff8bb615dcf826924770f - Exam 42, Fri Feb 26 16:37:28 2021 +0800 : maff_revalpha.c first
a420be224ad8db7a8e06fd00b506464375a46e21 - Exam 42, Fri Feb 26 16:26:24 2021 +0800 : ft_countdown second
10c8e46bba6b45077489fe02da15b569c3539e2b - Exam 42, Fri Feb 26 16:21:53 2021 +0800 : ft_countdown.c first
7b556cb32149732e3b238be57befcd3d472a7259 - Exam 42, Fri Feb 26 16:10:37 2021 +0800 : only_z.c First
 
= Collected files ==========================================
$> ls -lAR /tmp/tmp2TaPW2/user
total 8
-rw-r--r--  1 root  wheel  3489 Feb 26 19:20 __GIT_HISTORY
drwxr-xr-x  3 root  wheel    96 Feb 26 19:20 ft_atoi
drwxr-xr-x  3 root  wheel    96 Feb 26 19:20 ft_countdown
drwxr-xr-x  3 root  wheel    96 Feb 26 19:20 ft_strrev
drwxr-xr-x  3 root  wheel    96 Feb 26 19:20 ft_swap
drwxr-xr-x  3 root  wheel    96 Feb 26 19:20 maff_revalpha
drwxr-xr-x  3 root  wheel    96 Feb 26 19:20 only_z

/tmp/tmp2TaPW2/user/ft_atoi:
total 8
-rw-r--r--  1 root  wheel  545 Feb 26 19:20 ft_atoi.c

/tmp/tmp2TaPW2/user/ft_countdown:
total 8
-rwxr-xr-x  1 root  wheel  131 Feb 26 19:20 ft_countdown.c

/tmp/tmp2TaPW2/user/ft_strrev:
total 8
-rw-r--r--  1 root  wheel  252 Feb 26 19:20 ft_strrev.c

/tmp/tmp2TaPW2/user/ft_swap:
total 8
-rw-r--r--  1 root  wheel  79 Feb 26 19:20 ft_swap.c

/tmp/tmp2TaPW2/user/maff_revalpha:
total 8
-rw-r--r--  1 root  wheel  184 Feb 26 19:20 maff_revalpha.c

/tmp/tmp2TaPW2/user/only_z:
total 8
-rw-r--r--  1 root  wheel  60 Feb 26 19:20 only_z.c
 
= ft_atoi ======================================================================
$> gcc -Wextra -Wall -Werror main.c ft_atoi.c -o user_exe 

= Test 1 ===================================================
$> ./dxth4blv32sks11lvgb8d4au 
$> diff -U 3 user_output_test1 test1.output | cat -e

Diff OK :D
= Test 2 ===================================================
$> ./6d8gucem0l3wf995grkakl0n "21" "2313"
$> diff -U 3 user_output_test2 test2.output | cat -e

Diff OK :D
= Test 3 ===================================================
$> ./ehqrurvvq2wbeu9968etke03 2147483647
$> diff -U 3 user_output_test3 test3.output | cat -e

Diff OK :D
= Test 4 ===================================================
$> ./ybfgju46c8wx27t6vvhiko6v -2147483648
$> diff -U 3 user_output_test4 test4.output | cat -e

Diff OK :D
= Test 5 ===================================================
$> ./7c9remkaoegcvnb9vhl7bt3s 0
$> diff -U 3 user_output_test5 test5.output | cat -e

Diff OK :D
= Test 6 ===================================================
$> ./jgy6u7wqbx86fep0ihgzfwy5 12211t11
$> diff -U 3 user_output_test6 test6.output | cat -e

Diff OK :D
= Test 7 ===================================================
$> ./afuzdskmfq3hn382zvrkuxtq --223
$> diff -U 3 user_output_test7 test7.output | cat -e

Diff OK :D
= Test 8 ===================================================
$> ./q257mi9sva3vq60fmxr7j49m -191411073
$> diff -U 3 user_output_test8 test8.output | cat -e

Diff OK :D
= Test 9 ===================================================
$> ./16nioxtfkws0d15o72536v2b 1214086038
$> diff -U 3 user_output_test9 test9.output | cat -e

Diff OK :D
= Test 10 ==================================================
$> ./rjlnawtbyrirl0f01ctgzb3h -287925855
$> diff -U 3 user_output_test10 test10.output | cat -e

Diff OK :D
= Test 11 ==================================================
$> ./itk70on5fr0ewmnxm36bovsd -741054063
$> diff -U 3 user_output_test11 test11.output | cat -e

Diff OK :D
= Test 12 ==================================================
$> ./cx5zjv6kirb5ogolby1dwnzn -384496786
$> diff -U 3 user_output_test12 test12.output | cat -e

Diff OK :D
= Test 13 ==================================================
$> ./f7r3g2rycis9j56ynxjxd2mx 97934949
$> diff -U 3 user_output_test13 test13.output | cat -e

Diff OK :D
= Test 14 ==================================================
$> ./8ojlezv9pwizb3mbshelndv2 100776169
$> diff -U 3 user_output_test14 test14.output | cat -e

Diff OK :D
= Test 15 ==================================================
$> ./m1b9irnjfqg5icw85bnq5a18 601460767
$> diff -U 3 user_output_test15 test15.output | cat -e

Diff OK :D
= Test 16 ==================================================
$> ./dzbowng6c860z16s0oo6znkb 159797133
$> diff -U 3 user_output_test16 test16.output | cat -e

Diff OK :D
= Test 17 ==================================================
$> ./txbf5o7ptwx7g6dpsslr6myw 814589237
$> diff -U 3 user_output_test17 test17.output | cat -e

Diff OK :D
= Test 18 ==================================================
$> ./iwyjn41fazu9dewfy4ha61rm 1991340740
$> diff -U 3 user_output_test18 test18.output | cat -e

Diff OK :D
= Test 19 ==================================================
$> ./9xp8hhw6gsr64bheotmkb5gl 685884301
$> diff -U 3 user_output_test19 test19.output | cat -e

Diff OK :D
= Test 20 ==================================================
$> ./klpvdyw6fk2f9yrbat1e8mjx 863381613
$> diff -U 3 user_output_test20 test20.output | cat -e

Diff OK :D
Grade: 1

= Final grade: 1 ===============================================================
