= Host-specific information ====================================================
$> hostname; uname -msr
u82z03s01.42kl.edu.my
Darwin 19.6.0 x86_64
$> date
Fri Mar  5 16:09:02 +08 2021
$> gcc --version
Configured with: --prefix=/Applications/Xcode.app/Contents/Developer/usr --with-gxx-include-dir=/Applications/Xcode.app/Contents/Developer/Platforms/MacOSX.platform/Developer/SDKs/MacOSX10.14.sdk/usr/include/c++/4.2.1
Apple LLVM version 10.0.1 (clang-1001.0.46.4)
Target: x86_64-apple-darwin19.6.0
Thread model: posix
InstalledDir: /Applications/Xcode.app/Contents/Developer/Toolchains/XcodeDefault.xctoolchain/usr/bin
$> clang --version
Apple LLVM version 10.0.1 (clang-1001.0.46.4)
Target: x86_64-apple-darwin19.6.0
Thread model: posix
InstalledDir: /Applications/Xcode.app/Contents/Developer/Toolchains/XcodeDefault.xctoolchain/usr/bin

= User files collection ========================================================
Collecting user files from Vogsphere
Repository URL: git@vogsphere.42kl.edu.my:exam-2021-03-05/jinlim_c-piscine-exam-01_exam_16h00m35s.git

= Git history ==================================================================
$> git -C /tmp/tmpPOX2zZ/user log --pretty='%H - %an, %ad : %s'
53952a0291efce169251efda75cc6f8d9f55454f - Exam 42, Fri Mar 5 16:08:36 2021 +0800 : ft_put_numbers
 
= Collected files ==========================================
$> ls -lAR /tmp/tmpPOX2zZ/user
total 8
-rw-r--r--  1 root  wheel  247 Mar  5 16:09 __GIT_HISTORY
drwxr-xr-x  3 root  wheel   96 Mar  5 16:09 ft_print_numbers

/tmp/tmpPOX2zZ/user/ft_print_numbers:
total 8
-rw-r--r--  1 root  wheel  185 Mar  5 16:09 ft_print_numbers.c
 
= ft_print_numbers =============================================================
$> gcc -Wextra -Wall -Werror main.c ft_print_numbers.c -o user_exe 
duplicate symbol _main in:
    /var/tmp/main-e16a22.o
    /var/tmp/ft_print_numbers-611d67.o
ld: 1 duplicate symbol for architecture x86_64
clang: error: linker command failed with exit code 1 (use -v to see invocation)

Could not compile 'user_exe'
Grade: 0

= Final grade: 0 ===============================================================
