= Host-specific information ====================================================
$> hostname; uname -msr
u81z03s04.42kl.edu.my
Darwin 19.6.0 x86_64
$> date
Fri Mar  5 19:21:30 +08 2021
$> gcc --version
Configured with: --prefix=/Applications/Xcode.app/Contents/Developer/usr --with-gxx-include-dir=/Applications/Xcode.app/Contents/Developer/Platforms/MacOSX.platform/Developer/SDKs/MacOSX10.14.sdk/usr/include/c++/4.2.1
Apple LLVM version 10.0.1 (clang-1001.0.46.4)
Target: x86_64-apple-darwin19.6.0
Thread model: posix
InstalledDir: /Applications/Xcode.app/Contents/Developer/Toolchains/XcodeDefault.xctoolchain/usr/bin
$> clang --version
Apple LLVM version 10.0.1 (clang-1001.0.46.4)
Target: x86_64-apple-darwin19.6.0
Thread model: posix
InstalledDir: /Applications/Xcode.app/Contents/Developer/Toolchains/XcodeDefault.xctoolchain/usr/bin

= User files collection ========================================================
Collecting user files from Vogsphere
Repository URL: git@vogsphere.42kl.edu.my:exam-2021-03-05/jinlim_c-piscine-exam-01_exam_16h00m35s.git

= Git history ==================================================================
$> git -C /tmp/tmpuGdYpz/user log --pretty='%H - %an, %ad : %s'
0e5fd9894e0f14146aebbc7132c4d6668d47bd13 - Exam 42, Fri Mar 5 19:20:42 2021 +0800 : hope you good
edbb6cae3462226d36f058be2fb245dacf49fc36 - Exam 42, Fri Mar 5 19:18:56 2021 +0800 : think i got it
e1b10d3b29471b719aa4879d31af1b24e7934327 - Exam 42, Fri Mar 5 19:02:40 2021 +0800 : hmmmm
b5fe07091225b527ea25b9ac1dd207636c7e1803 - Exam 42, Fri Mar 5 18:01:55 2021 +0800 : gotchu
843b7372bfa2a684e1cc197528dac85d6a055e31 - Exam 42, Fri Mar 5 17:54:44 2021 +0800 : any moment now
b3a508065e139f241cf5476d5345ab064579cda7 - Exam 42, Fri Mar 5 17:42:10 2021 +0800 : almost there
705a0b456eb5dd80344474b1f35550b36d316763 - Exam 42, Fri Mar 5 16:52:34 2021 +0800 : last_word trying
506dff27f20365ac0afb733edef333dd3db2f63a - Exam 42, Fri Mar 5 16:29:29 2021 +0800 : ulstr
4f436d213c2b6c7dca7342c2a347b5471e1b499b - Exam 42, Fri Mar 5 16:18:38 2021 +0800 : ft_putstr.c
d50babba48291494318dfd7803bde816a94b6430 - Exam 42, Fri Mar 5 16:09:43 2021 +0800 : removed main()
53952a0291efce169251efda75cc6f8d9f55454f - Exam 42, Fri Mar 5 16:08:36 2021 +0800 : ft_put_numbers
 
= Collected files ==========================================
$> ls -lAR /tmp/tmpuGdYpz/user
total 8
-rw-r--r--  1 root  wheel  2725 Mar  5 19:21 __GIT_HISTORY
drwxr-xr-x  3 root  wheel    96 Mar  5 19:21 ft_print_numbers
drwxr-xr-x  3 root  wheel    96 Mar  5 19:21 ft_putstr
drwxr-xr-x  3 root  wheel    96 Mar  5 19:21 ft_rrange
drwxr-xr-x  3 root  wheel    96 Mar  5 19:21 last_word
drwxr-xr-x  3 root  wheel    96 Mar  5 19:21 ulstr

/tmp/tmpuGdYpz/user/ft_print_numbers:
total 8
-rw-r--r--  1 root  wheel  143 Mar  5 19:21 ft_print_numbers.c

/tmp/tmpuGdYpz/user/ft_putstr:
total 8
-rw-r--r--  1 root  wheel  120 Mar  5 19:21 ft_putstr.c

/tmp/tmpuGdYpz/user/ft_rrange:
total 8
-rw-r--r--  1 root  wheel  624 Mar  5 19:21 ft_rrange.c

/tmp/tmpuGdYpz/user/last_word:
total 8
-rw-r--r--  1 root  wheel  714 Mar  5 19:21 last_word.c

/tmp/tmpuGdYpz/user/ulstr:
total 8
-rw-r--r--  1 root  wheel  370 Mar  5 19:21 ulstr.c
 
= ft_rrange ====================================================================
$> gcc -Wextra -Wall -Werror main.c ft_rrange.c -o user_exe 

= Test 1 ===================================================
$> ./9048czsq9rrr8xwidwc47tbx 
$> diff -U 3 user_output_test1 test1.output | cat -e

Diff OK :D
= Test 2 ===================================================
$> ./0o12tdilvvvnkthhbvoed44u "21" "2313" "12"
$> diff -U 3 user_output_test2 test2.output | cat -e
--- user_output_test2	2021-03-05 11:21:31.000000000 +0000$
+++ test2.output	2021-03-05 11:21:31.000000000 +0000$
@@ -1,13 +1,13 @@$
-21$
-0$
-0$
-0$
-0$
-0$
-0$
-0$
-0$
-0$
-0$
-0$
+2313$
+2312$
+2311$
+2310$
+2309$
+2308$
+2307$
+2306$
+2305$
+2304$
+2303$
+2302$
 $

Diff KO :(
Grade: 0

= Final grade: 0 ===============================================================
